0 info it worked if it ends with ok
1 verbose cli [ '/usr/bin/node',
1 verbose cli   '/usr/bin/npm',
1 verbose cli   'run',
1 verbose cli   'knex',
1 verbose cli   'migrate:latest' ]
2 info using npm@3.5.2
3 info using node@v8.10.0
4 verbose run-script [ 'preknex', 'knex', 'postknex' ]
5 info lifecycle galvanize-snacks-back-end@1.0.0~preknex: galvanize-snacks-back-end@1.0.0
6 silly lifecycle galvanize-snacks-back-end@1.0.0~preknex: no script for preknex, continuing
7 info lifecycle galvanize-snacks-back-end@1.0.0~knex: galvanize-snacks-back-end@1.0.0
8 verbose lifecycle galvanize-snacks-back-end@1.0.0~knex: unsafe-perm in lifecycle true
9 verbose lifecycle galvanize-snacks-back-end@1.0.0~knex: PATH: /usr/share/npm/bin/node-gyp-bin:/home/chris/Documents/Galvanize/Q2/galvanize-snacks-project/galvanize-snacks-back-end/node_modules/.bin:/usr/local/sbin:/usr/local/bin:/usr/sbin:/usr/bin:/sbin:/bin:/usr/games:/usr/local/games:/snap/bin
10 verbose lifecycle galvanize-snacks-back-end@1.0.0~knex: CWD: /home/chris/Documents/Galvanize/Q2/galvanize-snacks-project/galvanize-snacks-back-end
11 silly lifecycle galvanize-snacks-back-end@1.0.0~knex: Args: [ '-c', 'knex "migrate:latest"' ]
12 silly lifecycle galvanize-snacks-back-end@1.0.0~knex: Returned: code: 1  signal: null
13 info lifecycle galvanize-snacks-back-end@1.0.0~knex: Failed to exec knex script
14 verbose stack Error: galvanize-snacks-back-end@1.0.0 knex: `knex "migrate:latest"`
14 verbose stack Exit status 1
14 verbose stack     at EventEmitter.<anonymous> (/usr/share/npm/lib/utils/lifecycle.js:232:16)
14 verbose stack     at emitTwo (events.js:126:13)
14 verbose stack     at EventEmitter.emit (events.js:214:7)
14 verbose stack     at ChildProcess.<anonymous> (/usr/share/npm/lib/utils/spawn.js:24:14)
14 verbose stack     at emitTwo (events.js:126:13)
14 verbose stack     at ChildProcess.emit (events.js:214:7)
14 verbose stack     at maybeClose (internal/child_process.js:925:16)
14 verbose stack     at Process.ChildProcess._handle.onexit (internal/child_process.js:209:5)
15 verbose pkgid galvanize-snacks-back-end@1.0.0
16 verbose cwd /home/chris/Documents/Galvanize/Q2/galvanize-snacks-project/galvanize-snacks-back-end/db/migrations
17 error Linux 4.15.0-42-generic
18 error argv "/usr/bin/node" "/usr/bin/npm" "run" "knex" "migrate:latest"
19 error node v8.10.0
20 error npm  v3.5.2
21 error code ELIFECYCLE
22 error galvanize-snacks-back-end@1.0.0 knex: `knex "migrate:latest"`
22 error Exit status 1
23 error Failed at the galvanize-snacks-back-end@1.0.0 knex script 'knex "migrate:latest"'.
23 error Make sure you have the latest version of node.js and npm installed.
23 error If you do, this is most likely a problem with the galvanize-snacks-back-end package,
23 error not with npm itself.
23 error Tell the author that this fails on your system:
23 error     knex "migrate:latest"
23 error You can get information on how to open an issue for this project with:
23 error     npm bugs galvanize-snacks-back-end
23 error Or if that isn't available, you can get their info via:
23 error     npm owner ls galvanize-snacks-back-end
23 error There is likely additional logging output above.
24 verbose exit [ 1, true ]
